R0: Number of tasks= 8 My rank= 0
R5: Number of tasks= 8 My rank= 5
output_width=3888, output_height=2592, output_components=3
R4: Number of tasks= 8 My rank= 4
output_width=3888, output_height=2592, output_components=3
R6: Number of tasks= 8 My rank= 6
output_width=3888, output_height=2592, output_components=3
output_width=3888, output_height=2592, output_components=3
R1: Number of tasks= 8 My rank= 1
R2: Number of tasks= 8 My rank= 2
output_width=3888, output_height=2592, output_components=3
output_width=3888, output_height=2592, output_components=3
R3: Number of tasks= 8 My rank= 3
R7: Number of tasks= 8 My rank= 7
output_width=3888, output_height=2592, output_components=3
output_width=3888, output_height=2592, output_components=3
Load time: 0.154183
Convolve time: 0.283876
Combine time: 0.190571
Store time: 0.084930
Total time = 0.713561
