R2: Number of tasks= 16 My rank= 2
R10: Number of tasks= 16 My rank= 10
R14: Number of tasks= 16 My rank= 14
R9: Number of tasks= 16 My rank= 9
R15: Number of tasks= 16 My rank= 15
R13: Number of tasks= 16 My rank= 13
R4: Number of tasks= 16 My rank= 4
R5: Number of tasks= 16 My rank= 5
R7: Number of tasks= 16 My rank= 7
R11: Number of tasks= 16 My rank= 11
R8: Number of tasks= 16 My rank= 8
R0: Number of tasks= 16 My rank= 0
R0: Initializing array
output_width=3888, output_height=2592, output_components=3
R1: Number of tasks= 16 My rank= 1
R3: Number of tasks= 16 My rank= 3
R6: Number of tasks= 16 My rank= 6
R12: Number of tasks= 16 My rank= 12
R0: Sending 3 ints to Rank1
R0: Sending 3 ints to Rank2
R0: Sending 3 ints to Rank3
MALLOC R2
R0: Sending 3 ints to Rank4
MALLOC R3
R0: Sending 3 ints to Rank5
MALLOC R4
R0: Sending 3 ints to Rank6
MALLOC R5
R0: Sending 3 ints to Rank7
MALLOC R6
R0: Sending 3 ints to Rank8
R0: Sending 3 ints to Rank9
MALLOC R8
R0: Sending 3 ints to Rank10
MALLOC R9
R0: Sending 3 ints to Rank11
MALLOC R10
R0: Sending 3 ints to Rank12
MALLOC R11
R0: Sending 3 ints to Rank13
R0: Sending 3 ints to Rank14
MALLOC R13
R0: Sending 3 ints to Rank15
MALLOC R14
MALLOC R15
MALLOC R1
MALLOC R12
MALLOC R7
Load time: 0.437022
Convolve time: 0.401469
Combine time: 0.224277
Store time: 0.081894
Total time = 1.144662
