R2: Number of tasks= 16 My rank= 2
R8: Number of tasks= 16 My rank= 8
R7: Number of tasks= 16 My rank= 7
output_width=3888, output_height=2592, output_components=3
R10: Number of tasks= 16 My rank= 10
R13: Number of tasks= 16 My rank= 13
R12: Number of tasks= 16 My rank= 12
R14: Number of tasks= 16 My rank= 14
R3: Number of tasks= 16 My rank= 3
R4: Number of tasks= 16 My rank= 4
R9: Number of tasks= 16 My rank= 9
R1: Number of tasks= 16 My rank= 1
output_width=3888, output_height=2592, output_components=3
output_width=3888, output_height=2592, output_components=3
R11: Number of tasks= 16 My rank= 11
output_width=3888, output_height=2592, output_components=3
output_width=3888, output_height=2592, output_components=3
output_width=3888, output_height=2592, output_components=3
R5: Number of tasks= 16 My rank= 5
output_width=3888, output_height=2592, output_components=3
output_width=3888, output_height=2592, output_components=3
output_width=3888, output_height=2592, output_components=3
output_width=3888, output_height=2592, output_components=3
R15: Number of tasks= 16 My rank= 15
output_width=3888, output_height=2592, output_components=3
output_width=3888, output_height=2592, output_components=3
output_width=3888, output_height=2592, output_components=3
R6: Number of tasks= 16 My rank= 6
output_width=3888, output_height=2592, output_components=3
output_width=3888, output_height=2592, output_components=3
R0: Number of tasks= 16 My rank= 0
output_width=3888, output_height=2592, output_components=3
Load time: 0.240554
Convolve time: 0.182263
Combine time: 0.234819
Store time: 0.129517
Total time = 0.787153
