R0: Number of tasks= 8 My rank= 0
R5: Number of tasks= 8 My rank= 5
R7: Number of tasks= 8 My rank= 7
R3: Number of tasks= 8 My rank= 3
R0: Initializing array
output_width=3888, output_height=2592, output_components=3
R6: Number of tasks= 8 My rank= 6
R4: Number of tasks= 8 My rank= 4
R2: Number of tasks= 8 My rank= 2
R1: Number of tasks= 8 My rank= 1
R0: Sending 3 ints to Rank1
R0: Sending 3 ints to Rank2
MALLOC R1
R0: Sending 3 ints to Rank3
R0: Sending 3 ints to Rank4
MALLOC R3
R0: Sending 3 ints to Rank5
MALLOC R4
R0: Sending 3 ints to Rank6
R0: Sending 3 ints to Rank7
MALLOC R6
MALLOC R7
MALLOC R2
MALLOC R5
Load time: 0.297053
Convolve time: 0.442964
Combine time: 0.223536
Store time: 0.084896
Total time = 1.048449
